<?xml version="1.0" encoding="UTF-8"?>
<testng-results total="1" passed="1" failed="0" skipped="0">
  <reporter-output>
  </reporter-output>
  <suite started-at="2025-04-30T05:02:54Z" name="Default suite" finished-at="2025-04-30T05:03:03Z" duration-ms="8814">
    <groups>
    </groups>
    <test started-at="2025-04-30T05:02:54Z" name="Default test" finished-at="2025-04-30T05:03:03Z" duration-ms="8814">
      <class name="doctor.DoctorLoginPage">
        <test-method is-config="true" signature="beforesuit()[pri:0, instance:doctor.DoctorLoginPage@3fed2870]" started-at="2025-04-30T10:32:54Z" name="beforesuit" finished-at="2025-04-30T10:32:54Z" duration-ms="18" status="PASS">
          <reporter-output>
          </reporter-output>
        </test-method> <!-- beforesuit -->
        <test-method is-config="true" signature="beforetest()[pri:0, instance:doctor.DoctorLoginPage@3fed2870]" started-at="2025-04-30T10:32:54Z" name="beforetest" finished-at="2025-04-30T10:32:54Z" duration-ms="0" status="PASS">
          <reporter-output>
          </reporter-output>
        </test-method> <!-- beforetest -->
        <test-method is-config="true" signature="beforeclass(java.lang.String)[pri:0, instance:doctor.DoctorLoginPage@3fed2870]" started-at="2025-04-30T10:32:54Z" name="beforeclass" finished-at="2025-04-30T10:32:58Z" duration-ms="3556" status="PASS">
          <params>
            <param index="0">
              <value>
                <![CDATA[chrome]]>
              </value>
            </param>
          </params>
          <reporter-output>
          </reporter-output>
        </test-method> <!-- beforeclass -->
        <test-method is-config="true" signature="loginpage()[pri:0, instance:doctor.DoctorLoginPage@3fed2870]" started-at="2025-04-30T10:32:58Z" name="loginpage" finished-at="2025-04-30T10:32:58Z" duration-ms="473" status="PASS">
          <reporter-output>
          </reporter-output>
        </test-method> <!-- loginpage -->
        <test-method signature="logintoDoctorModule()[pri:0, instance:doctor.DoctorLoginPage@3fed2870]" started-at="2025-04-30T10:32:58Z" name="logintoDoctorModule" finished-at="2025-04-30T10:33:03Z" duration-ms="4753" status="PASS">
          <reporter-output>
          </reporter-output>
        </test-method> <!-- logintoDoctorModule -->
        <test-method is-config="true" signature="aftermethod()[pri:0, instance:doctor.DoctorLoginPage@3fed2870]" started-at="2025-04-30T10:33:03Z" name="aftermethod" finished-at="2025-04-30T10:33:03Z" duration-ms="0" status="PASS">
          <reporter-output>
          </reporter-output>
        </test-method> <!-- aftermethod -->
        <test-method is-config="true" signature="afterclass()[pri:0, instance:doctor.DoctorLoginPage@3fed2870]" started-at="2025-04-30T10:33:03Z" name="afterclass" finished-at="2025-04-30T10:33:03Z" duration-ms="0" status="PASS">
          <reporter-output>
          </reporter-output>
        </test-method> <!-- afterclass -->
        <test-method is-config="true" signature="aftertest()[pri:0, instance:doctor.DoctorLoginPage@3fed2870]" started-at="2025-04-30T10:33:03Z" name="aftertest" finished-at="2025-04-30T10:33:03Z" duration-ms="0" status="PASS">
          <reporter-output>
          </reporter-output>
        </test-method> <!-- aftertest -->
        <test-method is-config="true" signature="aftersuit()[pri:0, instance:doctor.DoctorLoginPage@3fed2870]" started-at="2025-04-30T10:33:03Z" name="aftersuit" finished-at="2025-04-30T10:33:03Z" duration-ms="0" status="PASS">
          <reporter-output>
          </reporter-output>
        </test-method> <!-- aftersuit -->
      </class> <!-- doctor.DoctorLoginPage -->
    </test> <!-- Default test -->
  </suite> <!-- Default suite -->
</testng-results>
